# JRE version: Java(TM) SE Runtime Environment (18.0.2.1+1) (build 18.0.2.1+1-1)
# Java VM: Java HotSpot(TM) 64-Bit Server VM (18.0.2.1+1-1, mixed mode, sharing, tiered, compressed oops, compressed class ptrs, g1 gc, windows-amd64)
GC Precious Log:
 CardTable entry size: 512
 Card Set container configuration: InlinePtr #cards 4 size 8 Array Of Cards #cards 16 size 48 Howl #buckets 8 coarsen threshold 3686 Howl Bitmap #cards 512 size 80 coarsen threshold 460 Card regions per heap region 1 cards per card region 4096
 CPUs: 12 total, 12 available
 Memory: 16226M
 Large Page Support: Disabled
 NUMA Support: Disabled
 Compressed Oops: Enabled (Zero based)
 Heap Region Size: 2M
 Heap Min Capacity: 8M
 Heap Initial Capacity: 254M
 Heap Max Capacity: 4058M
 Pre-touch: Disabled
 Parallel Workers: 10
 Concurrent Workers: 3
 Concurrent Refinement Workers: 10
 Periodic GC: Disabled
Heap:
 garbage-first heap   total 194560K, used 78833K [0x0000000702600000, 0x0000000800000000)
  region size 2048K, 22 young (45056K), 5 survivors (10240K)
 Metaspace       used 32399K, committed 32832K, reserved 1114112K
  class space    used 3323K, committed 3584K, reserved 1048576K
GC Heap History (20 events):
Event: 2.168 GC heap before
{Heap before GC invocations=4 (full 0):
 garbage-first heap   total 61440K, used 42375K [0x0000000702600000, 0x0000000800000000)
  region size 2048K, 18 young (36864K), 5 survivors (10240K)
 Metaspace       used 22437K, committed 22656K, reserved 1114112K
  class space    used 2514K, committed 2624K, reserved 1048576K
}
Event: 2.178 GC heap after
{Heap after GC invocations=5 (full 0):
 garbage-first heap   total 61440K, used 17595K [0x0000000702600000, 0x0000000800000000)
  region size 2048K, 1 young (2048K), 1 survivors (2048K)
 Metaspace       used 22437K, committed 22656K, reserved 1114112K
  class space    used 2514K, committed 2624K, reserved 1048576K
}
Event: 2.206 GC heap before
{Heap before GC invocations=5 (full 0):
 garbage-first heap   total 61440K, used 19643K [0x0000000702600000, 0x0000000800000000)
  region size 2048K, 2 young (4096K), 1 survivors (2048K)
 Metaspace       used 22451K, committed 22720K, reserved 1114112K
  class space    used 2514K, committed 2624K, reserved 1048576K
}
Event: 2.211 GC heap after
{Heap after GC invocations=6 (full 0):
 garbage-first heap   total 61440K, used 17937K [0x0000000702600000, 0x0000000800000000)
  region size 2048K, 1 young (2048K), 1 survivors (2048K)
 Metaspace       used 22451K, committed 22720K, reserved 1114112K
  class space    used 2514K, committed 2624K, reserved 1048576K
}
Event: 2.398 GC heap before
{Heap before GC invocations=6 (full 0):
 garbage-first heap   total 61440K, used 38417K [0x0000000702600000, 0x0000000800000000)
  region size 2048K, 12 young (24576K), 1 survivors (2048K)
 Metaspace       used 24990K, committed 25216K, reserved 1114112K
  class space    used 2717K, committed 2816K, reserved 1048576K
}
Event: 2.400 GC heap after
{Heap after GC invocations=7 (full 0):
 garbage-first heap   total 161792K, used 18378K [0x0000000702600000, 0x0000000800000000)
  region size 2048K, 1 young (2048K), 1 survivors (2048K)
 Metaspace       used 24990K, committed 25216K, reserved 1114112K
  class space    used 2717K, committed 2816K, reserved 1048576K
}
Event: 3.300 GC heap before
{Heap before GC invocations=7 (full 0):
 garbage-first heap   total 161792K, used 112586K [0x0000000702600000, 0x0000000800000000)
  region size 2048K, 47 young (96256K), 1 survivors (2048K)
 Metaspace       used 27228K, committed 27584K, reserved 1114112K
  class space    used 2815K, committed 3008K, reserved 1048576K
}
Event: 3.306 GC heap after
{Heap after GC invocations=8 (full 0):
 garbage-first heap   total 161792K, used 24636K [0x0000000702600000, 0x0000000800000000)
  region size 2048K, 4 young (8192K), 4 survivors (8192K)
 Metaspace       used 27228K, committed 27584K, reserved 1114112K
  class space    used 2815K, committed 3008K, reserved 1048576K
}
Event: 3.817 GC heap before
{Heap before GC invocations=8 (full 0):
 garbage-first heap   total 161792K, used 112700K [0x0000000702600000, 0x0000000800000000)
  region size 2048K, 47 young (96256K), 4 survivors (8192K)
 Metaspace       used 27229K, committed 27584K, reserved 1114112K
  class space    used 2815K, committed 3008K, reserved 1048576K
}
Event: 3.825 GC heap after
{Heap after GC invocations=9 (full 0):
 garbage-first heap   total 161792K, used 30734K [0x0000000702600000, 0x0000000800000000)
  region size 2048K, 3 young (6144K), 3 survivors (6144K)
 Metaspace       used 27229K, committed 27584K, reserved 1114112K
  class space    used 2815K, committed 3008K, reserved 1048576K
}
Event: 4.240 GC heap before
{Heap before GC invocations=9 (full 0):
 garbage-first heap   total 161792K, used 120846K [0x0000000702600000, 0x0000000800000000)
  region size 2048K, 47 young (96256K), 3 survivors (6144K)
 Metaspace       used 27229K, committed 27584K, reserved 1114112K
  class space    used 2815K, committed 3008K, reserved 1048576K
}
Event: 4.245 GC heap after
{Heap after GC invocations=10 (full 0):
 garbage-first heap   total 161792K, used 33475K [0x0000000702600000, 0x0000000800000000)
  region size 2048K, 5 young (10240K), 5 survivors (10240K)
 Metaspace       used 27229K, committed 27584K, reserved 1114112K
  class space    used 2815K, committed 3008K, reserved 1048576K
}
Event: 4.560 GC heap before
{Heap before GC invocations=10 (full 0):
 garbage-first heap   total 161792K, used 119491K [0x0000000702600000, 0x0000000800000000)
  region size 2048K, 47 young (96256K), 5 survivors (10240K)
 Metaspace       used 27229K, committed 27584K, reserved 1114112K
  class space    used 2815K, committed 3008K, reserved 1048576K
}
Event: 4.566 GC heap after
{Heap after GC invocations=11 (full 0):
 garbage-first heap   total 161792K, used 35499K [0x0000000702600000, 0x0000000800000000)
  region size 2048K, 3 young (6144K), 3 survivors (6144K)
 Metaspace       used 27229K, committed 27584K, reserved 1114112K
  class space    used 2815K, committed 3008K, reserved 1048576K
}
Event: 4.855 GC heap before
{Heap before GC invocations=11 (full 0):
 garbage-first heap   total 161792K, used 125611K [0x0000000702600000, 0x0000000800000000)
  region size 2048K, 47 young (96256K), 3 survivors (6144K)
 Metaspace       used 27229K, committed 27584K, reserved 1114112K
  class space    used 2815K, committed 3008K, reserved 1048576K
}
Event: 4.860 GC heap after
{Heap after GC invocations=12 (full 0):
 garbage-first heap   total 161792K, used 37164K [0x0000000702600000, 0x0000000800000000)
  region size 2048K, 4 young (8192K), 4 survivors (8192K)
 Metaspace       used 27229K, committed 27584K, reserved 1114112K
  class space    used 2815K, committed 3008K, reserved 1048576K
}
Event: 5.130 GC heap before
{Heap before GC invocations=12 (full 0):
 garbage-first heap   total 161792K, used 125228K [0x0000000702600000, 0x0000000800000000)
  region size 2048K, 47 young (96256K), 4 survivors (8192K)
 Metaspace       used 27283K, committed 27648K, reserved 1114112K
  class space    used 2819K, committed 3008K, reserved 1048576K
}
Event: 5.139 GC heap after
{Heap after GC invocations=13 (full 0):
 garbage-first heap   total 194560K, used 38932K [0x0000000702600000, 0x0000000800000000)
  region size 2048K, 3 young (6144K), 3 survivors (6144K)
 Metaspace       used 27283K, committed 27648K, reserved 1114112K
  class space    used 2819K, committed 3008K, reserved 1048576K
}
Event: 12.502 GC heap before
{Heap before GC invocations=13 (full 0):
 garbage-first heap   total 194560K, used 149524K [0x0000000702600000, 0x0000000800000000)
  region size 2048K, 57 young (116736K), 3 survivors (6144K)
 Metaspace       used 31538K, committed 31872K, reserved 1114112K
  class space    used 3231K, committed 3392K, reserved 1048576K
}
Event: 12.508 GC heap after
{Heap after GC invocations=14 (full 0):
 garbage-first heap   total 194560K, used 41969K [0x0000000702600000, 0x0000000800000000)
  region size 2048K, 5 young (10240K), 5 survivors (10240K)
 Metaspace       used 31538K, committed 31872K, reserved 1114112K
  class space    used 3231K, committed 3392K, reserved 1048576K
}

